[Server2] Подключение от ('127.0.0.1', 57128)
[Server2] Подключение клиента
[Server2] Подключение клиента. Данные отправлены:
Количество потоков серверного процесса: 2
Количество процессов на сервере: 425
Время: 2024-12-23 13:50:15
[Server2] Сервер остановлен
[Server2] Подключение от ('127.0.0.1', 59328)
[Server2] Подключение клиента
[Server2] Подключение клиента. Данные отправлены:
Количество потоков серверного процесса: 2
Количество процессов на сервере: 539
Время: 2024-12-23 14:33:43
[Server2] Подключение от ('127.0.0.1', 59330)
[Server2] Подключение клиента
[Server2] Подключение клиента. Данные отправлены:
Количество потоков серверного процесса: 2
Количество процессов на сервере: 539
Время: 2024-12-23 14:33:51
[Server2] Сервер остановлен
[Server2] Сервер остановлен
[Server2] Сервер запущен
[Server2] Подключение от ('127.0.0.1', 61204)
[Server2] Подключение клиента
[Server2] Подключение клиента. Данные отправлены:
Количество потоков серверного процесса: 2
Количество процессов на сервере: 448
Время: 2024-12-23 17:03:38
[Server2] Подключение от ('127.0.0.1', 61208)
[Server2] Подключение клиента
[Server2] Подключение клиента. Данные отправлены:
Количество потоков серверного процесса: 2
Количество процессов на сервере: 449
Время: 2024-12-23 17:03:53
[Server2] Подключение от ('127.0.0.1', 61238)
[Server2] Подключение клиента
[Server2] Подключение клиента. Данные отправлены:
Количество потоков серверного процесса: 2
Количество процессов на сервере: 450
Время: 2024-12-23 17:05:38
[Server2] Сервер остановлен
[Server2] Сервер запущен
[Server2] Подключение от ('127.0.0.1', 61655)
[Server2] Подключение клиента
[Server2] Подключение клиента. Данные отправлены:
Количество потоков серверного процесса: 2
Количество процессов на сервере: 458
Время: 2024-12-23 17:21:14
[Server2] Подключение от ('127.0.0.1', 62979)
[Server2] Подключение клиента
[Server2] Подключение клиента. Данные отправлены:
Количество потоков серверного процесса: 2
Количество процессов на сервере: 519
Время: 2024-12-23 18:19:33
[Server2] Подключение от ('127.0.0.1', 62980)
[Server2] Подключение клиента
[Server2] Подключение клиента. Данные отправлены:
Количество потоков серверного процесса: 2
Количество процессов на сервере: 520
Время: 2024-12-23 18:19:33
[Server2] Подключение от ('127.0.0.1', 62981)
[Server2] Подключение клиента
[Server2] Подключение клиента. Данные отправлены:
Количество потоков серверного процесса: 2
Количество процессов на сервере: 520
Время: 2024-12-23 18:19:33
[Server2] Подключение от ('127.0.0.1', 59610)
[Server2] Подключение клиента
[Server2] Подключение клиента. Данные отправлены:
Количество потоков серверного процесса: 2
Количество процессов на сервере: 521
Время: 2024-12-24 23:20:57
[Server2] Ошибка: [Errno 61] Connection refused
[Server2] Ошибка: [Errno 61] Connection refused
[Server2] Ошибка: [Errno 61] Connection refused
[Server2] Ошибка: [Errno 61] Connection refused
[Server2] Подключено к 127.0.0.1:5002
[Server2] Подключение от ('127.0.0.1', 58594)
[Server2] Подключение клиента
[Server2] Данные отправлены:
Количество потоков серверного процесса: 2
Количество процессов на сервере: 451
Время: 2024-12-26 10:34:50
[Server2] Полученные данные: Количество потоков серверного процесса: 2
Количество процессов на сервере: 451
Время: 2024-12-26 10:34:50
[Server2] Подключено к 127.0.0.1:5002
[Server2] Подключение от ('127.0.0.1', 58646)
[Server2] Подключение клиента
[Server2] Данные отправлены:
Количество потоков серверного процесса: 2
Количество процессов на сервере: 451
Время: 2024-12-26 10:37:05
[Server2] Полученные данные: Количество потоков серверного процесса: 2
Количество процессов на сервере: 451
Время: 2024-12-26 10:37:05
[Server2] Подключение от ('127.0.0.1', 57195)
[Server2] Подключение клиента
[Server2] Данные отправлены:
Количество потоков серверного процесса: 2
Количество процессов на сервере: 481
Время: 2025-01-10 14:00:41
[Server2] Полученные данные: Количество потоков серверного процесса: 2
Количество процессов на сервере: 481
Время: 2025-01-10 14:00:41
