[Server1] Сервер запущен
[Server1] Подключение от ('127.0.0.1', 56787)
[Server1] Подключение клиента
[Server1] Подключение клиента. Данные отправлены:
Размер окна серверного процесса: 143x17
Количество мониторов: 2
Время: 2024-12-23 13:41:47
[Server1] Сервер остановлен
[Server1] Подключение от ('127.0.0.1', 57112)
[Server1] Подключение клиента
[Server1] Подключение клиента. Данные отправлены:
Размер окна серверного процесса: 143x17
Количество мониторов: 2
Время: 2024-12-23 13:49:51
[Server1] Сервер остановлен
[Server1] Подключение от ('127.0.0.1', 59323)
[Server1] Подключение клиента
[Server1] Подключение клиента. Данные отправлены:
Размер окна серверного процесса: 143x17
Количество мониторов: 2
Время: 2024-12-23 14:33:31
[Server1] Подключение от ('127.0.0.1', 59329)
[Server1] Подключение клиента
[Server1] Подключение клиента. Данные отправлены:
Размер окна серверного процесса: 143x17
Количество мониторов: 2
Время: 2024-12-23 14:33:50
[Server1] Сервер остановлен
[Server1] Сервер остановлен
[Server1] Сервер запущен
[Server1] Подключение от ('127.0.0.1', 61201)
[Server1] Подключение клиента
[Server1] Подключение клиента. Данные отправлены:
Размер окна серверного процесса: 143x17
Количество мониторов: 2
Время: 2024-12-23 17:03:31
[Server1] Подключение от ('127.0.0.1', 61205)
[Server1] Подключение клиента
[Server1] Подключение клиента. Данные отправлены:
Размер окна серверного процесса: 143x17
Количество мониторов: 2
Время: 2024-12-23 17:03:52
[Server1] Подключение от ('127.0.0.1', 61237)
[Server1] Подключение клиента
[Server1] Подключение клиента. Данные отправлены:
Размер окна серверного процесса: 143x17
Количество мониторов: 2
Время: 2024-12-23 17:05:37
[Server1] Сервер остановлен
[Server1] Сервер запущен
[Server1] Сервер остановлен
[Server1] Сервер запущен
[Server1] Подключение от ('127.0.0.1', 61458)
[Server1] Подключение клиента
[Server1] Подключение клиента. Данные отправлены:
Размер окна серверного процесса: 143x17
Количество мониторов: 2
Время: 2024-12-23 17:13:47
[Server1] Подключение от ('127.0.0.1', 61644)
[Server1] Подключение клиента
[Server1] Подключение клиента. Данные отправлены:
Размер окна серверного процесса: 143x17
Количество мониторов: 2
Время: 2024-12-23 17:21:07
[Server1] Подключение от ('127.0.0.1', 61679)
[Server1] Подключение клиента
[Server1] Подключение клиента. Данные отправлены:
Размер окна серверного процесса: 143x17
Количество мониторов: 2
Время: 2024-12-23 17:22:14
[Server1] Подключение от ('127.0.0.1', 62958)
[Server1] Подключение клиента
[Server1] Подключение клиента. Данные отправлены:
Размер окна серверного процесса: 143x17
Количество мониторов: 2
Время: 2024-12-23 18:16:22
[Server1] Сервер остановлен
[Server1] Сервер запущен
[Server1] Подключение от ('127.0.0.1', 62970)
[Server1] Подключение клиента
[Server1] Подключение клиента. Данные отправлены:
Размер окна серверного процесса: 143x17
Количество мониторов: 2
Время: 2024-12-23 18:18:39
[Server1] Подключение от ('127.0.0.1', 62971)
[Server1] Подключение клиента
[Server1] Подключение клиента. Данные отправлены:
Размер окна серверного процесса: 143x17
Количество мониторов: 2
Время: 2024-12-23 18:18:41
[Server1] Подключение от ('127.0.0.1', 62978)
[Server1] Подключение клиента
[Server1] Подключение клиента. Данные отправлены:
Размер окна серверного процесса: 143x17
Количество мониторов: 2
Время: 2024-12-23 18:19:33
[Server1] Сервер запущен
[Server1] Ошибка: [Errno 61] Connection refused
[Server1] Сервер запущен
[Server1] Подключение от ('127.0.0.1', 59977)
[Server1] Подключено к 127.0.0.1:5001
[Server1] Подключение клиента
[Server1] Подключение клиента. Данные отправлены:
Размер окна серверного процесса: 143x17
Количество мониторов: 2
Время: 2024-12-24 23:32:56
[Server1] Полученные данные: Размер окна серверного процесса: 143x17
Количество мониторов: 2
Время: 2024-12-24 23:32:56
[Server1] Подключено к 127.0.0.1:5001
[Server1] Подключение от ('127.0.0.1', 59983)
[Server1] Подключение клиента
[Server1] Подключение клиента. Данные отправлены:
Размер окна серверного процесса: 143x17
Количество мониторов: 2
Время: 2024-12-24 23:33:12
[Server1] Полученные данные: Размер окна серверного процесса: 143x17
Количество мониторов: 2
Время: 2024-12-24 23:33:12
[Server1] Подключено к 127.0.0.1:5001
[Server1] Подключение от ('127.0.0.1', 59986)
[Server1] Подключение клиента
[Server1] Подключение клиента. Данные отправлены:
Размер окна серверного процесса: 143x17
Количество мониторов: 2
Время: 2024-12-24 23:33:18
[Server1] Полученные данные: Размер окна серверного процесса: 143x17
Количество мониторов: 2
Время: 2024-12-24 23:33:18
[Server1] Сервер остановлен
[Server1] Ошибка: [Errno 61] Connection refused
[Server1] Подключено к 127.0.0.1:5001
[Server1] Подключение от ('127.0.0.1', 58593)
[Server1] Подключение клиента
[Server1] Данные отправлены:
Размер окна серверного процесса: 143x17
Количество мониторов: 2
Время: 2024-12-26 10:34:50
[Server1] Полученные данные: Размер окна серверного процесса: 143x17
Количество мониторов: 2
Время: 2024-12-26 10:34:50
[Server1] Подключено к 127.0.0.1:5001
[Server1] Подключение от ('127.0.0.1', 58645)
[Server1] Подключение клиента
[Server1] Данные отправлены:
Размер окна серверного процесса: 143x17
Количество мониторов: 2
Время: 2024-12-26 10:37:05
[Server1] Полученные данные: Размер окна серверного процесса: 143x17
Количество мониторов: 2
Время: 2024-12-26 10:37:05
[Server1] Сервер запущен
[Server1] Подключение от ('127.0.0.1', 57182)
[Server1] Подключение клиента
[Server1] Данные отправлены:
Размер окна серверного процесса: 143x17
Количество мониторов: 1
Время: 2025-01-10 14:00:09
[Server1] Полученные данные: Размер окна серверного процесса: 143x17
Количество мониторов: 1
Время: 2025-01-10 14:00:09
[Server1] Сервер остановлен
[Server1] Сервер остановлен
[Server1] Сервер остановлен
[Server1] Сервер запущен
[Server1] Подключение от ('127.0.0.1', 57286)
[Server1] Подключение клиента
[Server1] Данные отправлены:
Размер окна серверного процесса: 143x17
Количество мониторов: 1
Время: 2025-01-10 14:03:37
[Server1] Полученные данные: Размер окна серверного процесса: 143x17
Количество мониторов: 1
Время: 2025-01-10 14:03:37
[Server1] Сервер остановлен
